#
# A fatal error has been detected by the Java Runtime Environment:
#
#  EXCEPTION_ACCESS_VIOLATION (0xc0000005) at pc=0xffffffffa3985120, pid=5896, tid=4000
#
# JRE version: Java(TM) SE Runtime Environment (8.0_25-b18) (build 1.8.0_25-b18)
# Java VM: Java HotSpot(TM) 64-Bit Server VM (25.25-b02 mixed mode windows-amd64 compressed oops)
# Problematic frame:
# C  0xffffffffa3985120
#
# Failed to write core dump. Minidumps are not enabled by default on client versions of Windows
#
# If you would like to submit a bug report, please visit:
#   http://bugreport.sun.com/bugreport/crash.jsp
#

---------------  T H R E A D  ---------------

Current thread (0x0000000057665000):  JavaThread "Session a77bfc1f-a81c-4b21-bc98-4864dce011ba processing inside browser" [_thread_in_Java, id=4000, stack(0x0000000058950000,0x0000000058a50000)]

siginfo: ExceptionCode=0xc0000005, ExceptionInformation=0x0000000000000008 0xffffffffa3985120

Registers:
RAX=0x0000000058b217e0, RBX=0x0000000058b217e0, RCX=0x0000000058b21f70, RDX=0x0000000046ff35c9
RSP=0x0000000058a4b798, RBP=0x0000000058a4b7f8, RSI=0x0000000000000031, RDI=0x0000000002987790
R8 =0x0000000000000007, R9 =0x00000000000001cc, R10=0x0000000066376260, R11=0x0000000002bd82e0
R12=0x0000000000000000, R13=0x0000000058a4b7a8, R14=0x0000000058a4b808, R15=0x0000000057665000
RIP=0xffffffffa3985120, EFLAGS=0x0000000000010206

Top of Stack: (sp=0x0000000058a4b798)
0x0000000058a4b798:   0000000002987450 0000000002987450
0x0000000058a4b7a8:   0000000000000007 0000000046ff35c9
0x0000000058a4b7b8:   0000000058a4b7b8 0000000058b219ab
0x0000000058a4b7c8:   0000000058a4b808 0000000058b21f70
0x0000000058a4b7d8:   0000000000000000 0000000058b219c0
0x0000000058a4b7e8:   0000000058a4b7a8 0000000058a4b808
0x0000000058a4b7f8:   0000000058a4b868 0000000002987450
0x0000000058a4b808:   0000000046ff35c9 000000001e9f204c
0x0000000058a4b818:   000000000000002e 00000000eaea4720
0x0000000058a4b828:   0000000058a4b828 0000000058b21b1d
0x0000000058a4b838:   0000000058a4b8e0 0000000058b21f70
0x0000000058a4b848:   0000000000000000 0000000058b21c38
0x0000000058a4b858:   0000000058a4b808 0000000058a4b8d0
0x0000000058a4b868:   0000000058a4b928 0000000002987a01
0x0000000058a4b878:   0000000000000000 0000000000000000
0x0000000058a4b888:   0000000000000000 0000000000000000 

Instructions: (pc=0xffffffffa3985120)
0xffffffffa3985100:   
[error occurred during error reporting (printing registers, top of stack, instructions near pc), id 0xc0000005]

Register to memory mapping:

RAX={method} {0x0000000058b217e8} 'lf_S' '(II)I' in 'sun/security/provider/SHA2'
RBX={method} {0x0000000058b217e8} 'lf_S' '(II)I' in 'sun/security/provider/SHA2'
RCX=0x0000000058b21f70 is pointing into metadata
RDX=0x0000000046ff35c9 is an unknown value
RSP=0x0000000058a4b798 is pointing into the stack for thread: 0x0000000057665000
RBP=0x0000000058a4b7f8 is pointing into the stack for thread: 0x0000000057665000
RSI=0x0000000000000031 is an unknown value
RDI=0x0000000002987790 is at code_begin+1456 in an Interpreter codelet
invoke return entry points  [0x00000000029871e0, 0x0000000002987ae0]  2304 bytes
R8 =0x0000000000000007 is an unknown value
R9 =0x00000000000001cc is an unknown value
R10=0x0000000066376260 is an unknown value
R11=0x0000000002bd82e0 is at entry_point+0 in (nmethod*)0x0000000002bd8190
R12=0x0000000000000000 is an unknown value
R13=0x0000000058a4b7a8 is pointing into the stack for thread: 0x0000000057665000
R14=0x0000000058a4b808 is pointing into the stack for thread: 0x0000000057665000
R15=0x0000000057665000 is a thread


Stack: [0x0000000058950000,0x0000000058a50000],  sp=0x0000000058a4b798,  free space=1005k
Native frames: (J=compiled Java code, j=interpreted, Vv=VM code, C=native code)
C  0xffffffffa3985120


---------------  P R O C E S S  ---------------

Java Threads: ( => current thread )
=>0x0000000057665000 JavaThread "Session a77bfc1f-a81c-4b21-bc98-4864dce011ba processing inside browser" [_thread_in_Java, id=4000, stack(0x0000000058950000,0x0000000058a50000)]
  0x0000000056c3a800 JavaThread "DriverServlet Session Cleaner" [_thread_blocked, id=5528, stack(0x00000000587a0000,0x00000000588a0000)]
  0x000000000236d800 JavaThread "DestroyJavaVM" [_thread_blocked, id=7740, stack(0x00000000025b0000,0x00000000026b0000)]
  0x0000000056d7a800 JavaThread "SocketListener0-1" [_thread_blocked, id=5516, stack(0x0000000058550000,0x0000000058650000)]
  0x0000000056d79800 JavaThread "SocketListener0-0" [_thread_blocked, id=1040, stack(0x0000000058340000,0x0000000058440000)]
  0x0000000056dd3000 JavaThread "Acceptor ServerSocket[addr=0.0.0.0/0.0.0.0,localport=4444]" [_thread_in_native, id=2028, stack(0x0000000058140000,0x0000000058240000)]
  0x0000000056dd2800 JavaThread "SessionScavenger" daemon [_thread_blocked, id=7820, stack(0x0000000057f50000,0x0000000058050000)]
  0x0000000056dbc000 JavaThread "Timer-0" daemon [_thread_blocked, id=4784, stack(0x0000000057240000,0x0000000057340000)]
  0x0000000056afa800 JavaThread "Service Thread" daemon [_thread_blocked, id=3480, stack(0x00000000570f0000,0x00000000571f0000)]
  0x0000000056a94800 JavaThread "C1 CompilerThread2" daemon [_thread_blocked, id=2832, stack(0x0000000056f20000,0x0000000057020000)]
  0x000000005529b000 JavaThread "C2 CompilerThread1" daemon [_thread_blocked, id=1172, stack(0x00000000566b0000,0x00000000567b0000)]
  0x0000000055295800 JavaThread "C2 CompilerThread0" daemon [_thread_blocked, id=6572, stack(0x0000000056430000,0x0000000056530000)]
  0x0000000055294000 JavaThread "Attach Listener" daemon [_thread_blocked, id=5000, stack(0x0000000056990000,0x0000000056a90000)]
  0x0000000055293000 JavaThread "Signal Dispatcher" daemon [_thread_blocked, id=7568, stack(0x0000000056800000,0x0000000056900000)]
  0x0000000055233000 JavaThread "Finalizer" daemon [_thread_blocked, id=8012, stack(0x0000000056560000,0x0000000056660000)]
  0x000000005522a000 JavaThread "Reference Handler" daemon [_thread_blocked, id=5024, stack(0x0000000056320000,0x0000000056420000)]

Other Threads:
  0x0000000055226800 VMThread [stack: 0x0000000056200000,0x0000000056300000] [id=4108]
  0x0000000056b14000 WatcherThread [stack: 0x0000000057360000,0x0000000057460000] [id=3856]

VM state:not at safepoint (normal execution)

VM Mutex/Monitor currently owned by a thread: None

Heap:
 PSYoungGen      total 18944K, used 6292K [0x00000000eab00000, 0x00000000ec000000, 0x0000000100000000)
  eden space 16384K, 22% used [0x00000000eab00000,0x00000000eaeac258,0x00000000ebb00000)
  from space 2560K, 98% used [0x00000000ebb00000,0x00000000ebd78e68,0x00000000ebd80000)
  to   space 2560K, 0% used [0x00000000ebd80000,0x00000000ebd80000,0x00000000ec000000)
 ParOldGen       total 44032K, used 1967K [0x00000000c0000000, 0x00000000c2b00000, 0x00000000eab00000)
  object space 44032K, 4% used [0x00000000c0000000,0x00000000c01ebd50,0x00000000c2b00000)
 Metaspace       used 10287K, capacity 10358K, committed 10624K, reserved 1058816K
  class space    used 1272K, capacity 1297K, committed 1408K, reserved 1048576K

Card table byte_map: [0x0000000011d40000,0x0000000011f50000] byte_map_base: 0x0000000011740000

Marking Bits: (ParMarkBitMap*) 0x000000006638d490
 Begin Bits: [0x00000000126a0000, 0x00000000136a0000)
 End Bits:   [0x00000000136a0000, 0x00000000146a0000)

Polling page: 0x0000000000330000

CodeCache: size=245760Kb used=2403Kb max_used=2414Kb free=243356Kb
 bounds [0x0000000002980000, 0x0000000002bf0000, 0x0000000011980000]
 total_blobs=897 nmethods=573 adapters=239
 compilation: enabled

Compilation events (10 events):
Event: 16.230 Thread 0x0000000056a94800  565       1       java.util.HashMap::size (5 bytes)
Event: 16.230 Thread 0x0000000056a94800 nmethod 565 0x0000000002bd7610 code [0x0000000002bd7760, 0x0000000002bd7870]
Event: 16.232 Thread 0x0000000055295800  566       4       java.lang.AbstractStringBuilder::ensureCapacityInternal (16 bytes)
Event: 16.234 Thread 0x0000000056a94800  567       3       sun.security.provider.SHA2::lf_S (11 bytes)
Event: 16.234 Thread 0x0000000056a94800 nmethod 567 0x0000000002bd8190 code [0x0000000002bd82e0, 0x0000000002bd8430]
Event: 16.234 Thread 0x0000000056a94800  568       3       sun.security.provider.SHA2::lf_R (4 bytes)
Event: 16.234 Thread 0x0000000056a94800 nmethod 568 0x0000000002bd8490 code [0x0000000002bd85e0, 0x0000000002bd8710]
Event: 16.234 Thread 0x0000000056a94800  571       1       sun.security.provider.SHA2::lf_S (11 bytes)
Event: 16.235 Thread 0x0000000056a94800 nmethod 571 0x0000000002bd8790 code [0x0000000002bd88e0, 0x0000000002bd89f0]
Event: 16.235 Thread 0x0000000056a94800  572       3       sun.security.provider.SHA2::lf_sigma0 (20 bytes)

GC Heap History (2 events):
Event: 16.053 GC heap before
{Heap before GC invocations=1 (full 0):
 PSYoungGen      total 18944K, used 16384K [0x00000000eab00000, 0x00000000ec000000, 0x0000000100000000)
  eden space 16384K, 100% used [0x00000000eab00000,0x00000000ebb00000,0x00000000ebb00000)
  from space 2560K, 0% used [0x00000000ebd80000,0x00000000ebd80000,0x00000000ec000000)
  to   space 2560K, 0% used [0x00000000ebb00000,0x00000000ebb00000,0x00000000ebd80000)
 ParOldGen       total 44032K, used 0K [0x00000000c0000000, 0x00000000c2b00000, 0x00000000eab00000)
  object space 44032K, 0% used [0x00000000c0000000,0x00000000c0000000,0x00000000c2b00000)
 Metaspace       used 8469K, capacity 8598K, committed 8832K, reserved 1056768K
  class space    used 1032K, capacity 1073K, committed 1152K, reserved 1048576K
Event: 16.063 GC heap after
Heap after GC invocations=1 (full 0):
 PSYoungGen      total 18944K, used 2531K [0x00000000eab00000, 0x00000000ec000000, 0x0000000100000000)
  eden space 16384K, 0% used [0x00000000eab00000,0x00000000eab00000,0x00000000ebb00000)
  from space 2560K, 98% used [0x00000000ebb00000,0x00000000ebd78e68,0x00000000ebd80000)
  to   space 2560K, 0% used [0x00000000ebd80000,0x00000000ebd80000,0x00000000ec000000)
 ParOldGen       total 44032K, used 1967K [0x00000000c0000000, 0x00000000c2b00000, 0x00000000eab00000)
  object space 44032K, 4% used [0x00000000c0000000,0x00000000c01ebd50,0x00000000c2b00000)
 Metaspace       used 8469K, capacity 8598K, committed 8832K, reserved 1056768K
  class space    used 1032K, capacity 1073K, committed 1152K, reserved 1048576K
}

Deoptimization events (0 events):
No events

Internal exceptions (10 events):
Event: 16.196 Thread 0x0000000057665000 Exception <a 'java/security/PrivilegedActionException'> (0x00000000eae1e5d8) thrown at [D:\re\workspace\8-2-build-windows-amd64-cygwin\jdk8u25\1677\hotspot\src\share\vm\prims\jvm.cpp, line 1312]
Event: 16.196 Thread 0x0000000057665000 Exception <a 'java/security/PrivilegedActionException'> (0x00000000eae20bc0) thrown at [D:\re\workspace\8-2-build-windows-amd64-cygwin\jdk8u25\1677\hotspot\src\share\vm\prims\jvm.cpp, line 1312]
Event: 16.197 Thread 0x0000000057665000 Exception <a 'java/security/PrivilegedActionException'> (0x00000000eae27140) thrown at [D:\re\workspace\8-2-build-windows-amd64-cygwin\jdk8u25\1677\hotspot\src\share\vm\prims\jvm.cpp, line 1312]
Event: 16.197 Thread 0x0000000057665000 Exception <a 'java/security/PrivilegedActionException'> (0x00000000eae29c50) thrown at [D:\re\workspace\8-2-build-windows-amd64-cygwin\jdk8u25\1677\hotspot\src\share\vm\prims\jvm.cpp, line 1312]
Event: 16.198 Thread 0x0000000057665000 Exception <a 'java/security/PrivilegedActionException'> (0x00000000eae2c440) thrown at [D:\re\workspace\8-2-build-windows-amd64-cygwin\jdk8u25\1677\hotspot\src\share\vm\prims\jvm.cpp, line 1312]
Event: 16.199 Thread 0x0000000057665000 Exception <a 'java/security/PrivilegedActionException'> (0x00000000eae2ed10) thrown at [D:\re\workspace\8-2-build-windows-amd64-cygwin\jdk8u25\1677\hotspot\src\share\vm\prims\jvm.cpp, line 1312]
Event: 16.200 Thread 0x0000000057665000 Exception <a 'java/security/PrivilegedActionException'> (0x00000000eae3a270) thrown at [D:\re\workspace\8-2-build-windows-amd64-cygwin\jdk8u25\1677\hotspot\src\share\vm\prims\jvm.cpp, line 1312]
Event: 16.200 Thread 0x0000000057665000 Exception <a 'java/security/PrivilegedActionException'> (0x00000000eae3e978) thrown at [D:\re\workspace\8-2-build-windows-amd64-cygwin\jdk8u25\1677\hotspot\src\share\vm\prims\jvm.cpp, line 1312]
Event: 16.201 Thread 0x0000000057665000 Exception <a 'java/security/PrivilegedActionException'> (0x00000000eae428f0) thrown at [D:\re\workspace\8-2-build-windows-amd64-cygwin\jdk8u25\1677\hotspot\src\share\vm\prims\jvm.cpp, line 1312]
Event: 16.201 Thread 0x0000000057665000 Exception <a 'java/security/PrivilegedActionException'> (0x00000000eae45c48) thrown at [D:\re\workspace\8-2-build-windows-amd64-cygwin\jdk8u25\1677\hotspot\src\share\vm\prims\jvm.cpp, line 1312]

Events (10 events):
Event: 16.233 loading class sun/security/provider/SHA2$SHA256
Event: 16.233 loading class sun/security/provider/SHA2
Event: 16.233 loading class sun/security/provider/SHA2 done
Event: 16.233 loading class sun/security/provider/SHA2$SHA256 done
Event: 16.233 loading class sun/security/rsa/RSAPrivateKeyImpl
Event: 16.234 loading class sun/security/rsa/RSAPrivateKeyImpl done
Event: 16.234 loading class sun/security/rsa/RSACore
Event: 16.234 loading class sun/security/rsa/RSACore done
Event: 16.234 loading class sun/security/rsa/RSAPadding
Event: 16.234 loading class sun/security/rsa/RSAPadding done


Dynamic libraries:
0x000000013fe40000 - 0x000000013fe74000 	c:\ProgramData\Oracle\Java\javapath\java.exe
0x0000000077450000 - 0x00000000775f9000 	C:\Windows\SYSTEM32\ntdll.dll
0x0000000077230000 - 0x000000007734f000 	C:\Windows\system32\kernel32.dll
0x000007fefd550000 - 0x000007fefd5bc000 	C:\Windows\system32\KERNELBASE.dll
0x000007fefef20000 - 0x000007fefeffb000 	C:\Windows\system32\ADVAPI32.dll
0x000007feff6c0000 - 0x000007feff75f000 	C:\Windows\system32\msvcrt.dll
0x000007feff500000 - 0x000007feff51f000 	C:\Windows\SYSTEM32\sechost.dll
0x000007fefdf00000 - 0x000007fefe02d000 	C:\Windows\system32\RPCRT4.dll
0x0000000077350000 - 0x000000007744a000 	C:\Windows\system32\USER32.dll
0x000007fefe050000 - 0x000007fefe0b7000 	C:\Windows\system32\GDI32.dll
0x000007feff290000 - 0x000007feff29e000 	C:\Windows\system32\LPK.dll
0x000007fefe0c0000 - 0x000007fefe189000 	C:\Windows\system32\USP10.dll
0x000007fefbaf0000 - 0x000007fefbce4000 	C:\Windows\WinSxS\amd64_microsoft.windows.common-controls_6595b64144ccf1df_6.0.7601.17514_none_fa396087175ac9ac\COMCTL32.dll
0x000007feff5c0000 - 0x000007feff631000 	C:\Windows\system32\SHLWAPI.dll
0x000007fefd9c0000 - 0x000007fefd9ee000 	C:\Windows\system32\IMM32.DLL
0x000007feff000000 - 0x000007feff109000 	C:\Windows\system32\MSCTF.dll
0x0000000066cb0000 - 0x0000000066d82000 	C:\Program Files\Java\jre1.8.0_25\bin\msvcr100.dll
0x0000000065bb0000 - 0x000000006640a000 	C:\Program Files\Java\jre1.8.0_25\bin\server\jvm.dll
0x000007fef6910000 - 0x000007fef6919000 	C:\Windows\system32\WSOCK32.dll
0x000007fefda50000 - 0x000007fefda9d000 	C:\Windows\system32\WS2_32.dll
0x000007feff2a0000 - 0x000007feff2a8000 	C:\Windows\system32\NSI.dll
0x000007fefac30000 - 0x000007fefac6b000 	C:\Windows\system32\WINMM.dll
0x0000000077610000 - 0x0000000077617000 	C:\Windows\system32\PSAPI.DLL
0x0000000072f60000 - 0x0000000072f6f000 	C:\Program Files\Java\jre1.8.0_25\bin\verify.dll
0x00000000703b0000 - 0x00000000703d8000 	C:\Program Files\Java\jre1.8.0_25\bin\java.dll
0x00000000728e0000 - 0x00000000728f6000 	C:\Program Files\Java\jre1.8.0_25\bin\zip.dll
0x000007fefe190000 - 0x000007fefef18000 	C:\Windows\system32\SHELL32.dll
0x000007fefd5d0000 - 0x000007fefd7d3000 	C:\Windows\system32\ole32.dll
0x000007fefd220000 - 0x000007fefd22f000 	C:\Windows\system32\profapi.dll
0x0000000072840000 - 0x000000007285a000 	C:\Program Files\Java\jre1.8.0_25\bin\net.dll
0x000007fefc9f0000 - 0x000007fefca45000 	C:\Windows\system32\mswsock.dll
0x000007fefc9e0000 - 0x000007fefc9e7000 	C:\Windows\System32\wship6.dll
0x000007fef9c90000 - 0x000007fef9cb7000 	C:\Windows\system32\IPHLPAPI.DLL
0x000007fef9c80000 - 0x000007fef9c8b000 	C:\Windows\system32\WINNSI.DLL
0x000007fef9790000 - 0x000007fef97a1000 	C:\Windows\system32\dhcpcsvc6.DLL
0x000007fef9770000 - 0x000007fef9788000 	C:\Windows\system32\dhcpcsvc.DLL
0x000007fefca50000 - 0x000007fefca67000 	C:\Windows\system32\CRYPTSP.dll
0x000007fefc750000 - 0x000007fefc797000 	C:\Windows\system32\rsaenh.dll
0x000007fefd2a0000 - 0x000007fefd2be000 	C:\Windows\system32\USERENV.dll
0x000007fefd0b0000 - 0x000007fefd0bf000 	C:\Windows\system32\CRYPTBASE.dll
0x0000000070570000 - 0x0000000070581000 	C:\Program Files\Java\jre1.8.0_25\bin\nio.dll
0x000007fefc3b0000 - 0x000007fefc3b7000 	C:\Windows\System32\wshtcpip.dll
0x000007fefc870000 - 0x000007fefc8cb000 	C:\Windows\system32\DNSAPI.dll
0x000007fef7d90000 - 0x000007fef7d98000 	C:\Windows\system32\rasadhlp.dll
0x000007fef97c0000 - 0x000007fef9813000 	C:\Windows\System32\fwpuclnt.dll
0x000007fef5d30000 - 0x000007fef5e55000 	C:\Windows\system32\dbghelp.dll

VM Arguments:
java_command: c:\Users\Gareth\AppData\Roaming\npm\node_modules\protractor\selenium\selenium-server-standalone-2.44.0.jar -Dwebdriver.chrome.driver=c:\Users\Gareth\AppData\Roaming\npm\node_modules\protractor\selenium\chromedriver.exe
java_class_path (initial): c:\Users\Gareth\AppData\Roaming\npm\node_modules\protractor\selenium\selenium-server-standalone-2.44.0.jar
Launcher Type: SUN_STANDARD

Environment Variables:
PATH=c:\Users\Gareth\bin;.;C:\Program Files (x86)\Git\local\bin;C:\Program Files (x86)\Git\mingw\bin;C:\Program Files (x86)\Git\bin;c:\ProgramData\Oracle\Java\javapath;c:\Windows\system32;c:\Windows;c:\Windows\System32\Wbem;c:\Windows\System32\WindowsPowerShell\v1.0\;c:\Program Files (x86)\nodejs\;c:\Users\Gareth\AppData\Roaming\npm;c:\Ruby21\bin
USERNAME=Gareth
OS=Windows_NT
PROCESSOR_IDENTIFIER=Intel64 Family 6 Model 15 Stepping 11, GenuineIntel



---------------  S Y S T E M  ---------------

OS: Windows 7 , 64 bit Build 7601 Service Pack 1

CPU:total 4 (4 cores per cpu, 1 threads per core) family 6 model 15 stepping 11, cmov, cx8, fxsr, mmx, sse, sse2, sse3, ssse3, tsc

Memory: 4k page, physical 4193520k(2516968k free), swap 8385176k(5672000k free)

vm_info: Java HotSpot(TM) 64-Bit Server VM (25.25-b02) for windows-amd64 JRE (1.8.0_25-b18), built on Oct  7 2014 14:25:37 by "java_re" with MS VC++ 10.0 (VS2010)

time: Mon Nov 24 20:10:52 2014
elapsed time: 16 seconds (0d 0h 0m 16s)

